<?xml version="1.0" encoding="UTF-8"?>
<testsuite name="Search and find accommodation on the Airbnb website" tests="1" skipped="0" failures="0" errors="0" timestamp="2020-01-23T15:34:58" hostname="CHMEPPF1LX8S5" time="22.093">
  <properties/>
  <testcase name="Search Airbnb on the web" classname="Search and find accommodation on the Airbnb website" time="22.093"/>
  <system-out><![CDATA[]]></system-out>
  <system-err><![CDATA[ene 23, 2020 10:34:59 AM org.openqa.selenium.remote.DesiredCapabilities chrome
INFORMACIÓN: Using `new ChromeOptions()` is preferred to `DesiredCapabilities.chrome()`
Starting ChromeDriver 2.37.544315 (730aa6a5fdba159ac9f4c1e8cbc59bf1b5ce12b7) on port 26405
Only local connections are allowed.
ene 23, 2020 10:35:03 AM org.openqa.selenium.remote.ProtocolHandshake createSession
INFORMACIÓN: Detected dialect: OSS
[Test worker] INFO net.serenitybdd.core.Serenity - 
        __    _____ _____ ____ _____   ____   _    ____  ____  _____ ____  
  _     \ \  |_   _| ____/ ___|_   _| |  _ \ / \  / ___|/ ___|| ____|  _ \ 
 (_)_____| |   | | |  _| \___ \ | |   | |_) / _ \ \___ \\___ \|  _| | | | |
  _|_____| |   | | | |___ ___) || |   |  __/ ___ \ ___) |___) | |___| |_| |
 (_)     | |   |_| |_____|____/ |_|   |_| /_/   \_\____/|____/|_____|____/ 
        /_/                                                                

TEST PASSED: Search Airbnb on the web
----------------------------------------------------------------------------
]]></system-err>
</testsuite>
